{"/media/mustak/Space/assessments/text-analyzer/src/services/text-analyzer.ts": {"path":"/media/mustak/Space/assessments/text-analyzer/src/services/text-analyzer.ts","statementMap":{"0":{"start":{"line":1,"column":0},"end":{"line":1,"column":35}},"1":{"start":{"line":5,"column":16},"end":{"line":5,"column":31}},"2":{"start":{"line":6,"column":19},"end":{"line":6,"column":41}},"3":{"start":{"line":7,"column":4},"end":{"line":7,"column":44}},"4":{"start":{"line":7,"column":30},"end":{"line":7,"column":44}},"5":{"start":{"line":8,"column":19},"end":{"line":8,"column":77}},"6":{"start":{"line":8,"column":54},"end":{"line":8,"column":69}},"7":{"start":{"line":9,"column":4},"end":{"line":9,"column":27}},"8":{"start":{"line":10,"column":4},"end":{"line":10,"column":18}},"9":{"start":{"line":14,"column":16},"end":{"line":14,"column":36}},"10":{"start":{"line":15,"column":19},"end":{"line":15,"column":41}},"11":{"start":{"line":16,"column":4},"end":{"line":16,"column":44}},"12":{"start":{"line":16,"column":30},"end":{"line":16,"column":44}},"13":{"start":{"line":17,"column":19},"end":{"line":17,"column":50}},"14":{"start":{"line":18,"column":4},"end":{"line":18,"column":27}},"15":{"start":{"line":19,"column":4},"end":{"line":19,"column":18}},"16":{"start":{"line":23,"column":16},"end":{"line":23,"column":35}},"17":{"start":{"line":24,"column":19},"end":{"line":24,"column":41}},"18":{"start":{"line":25,"column":4},"end":{"line":25,"column":44}},"19":{"start":{"line":25,"column":30},"end":{"line":25,"column":44}},"20":{"start":{"line":26,"column":19},"end":{"line":28,"column":48}},"21":{"start":{"line":28,"column":21},"end":{"line":28,"column":40}},"22":{"start":{"line":29,"column":4},"end":{"line":29,"column":27}},"23":{"start":{"line":30,"column":4},"end":{"line":30,"column":18}},"24":{"start":{"line":34,"column":16},"end":{"line":34,"column":35}},"25":{"start":{"line":35,"column":19},"end":{"line":35,"column":41}},"26":{"start":{"line":36,"column":4},"end":{"line":36,"column":44}},"27":{"start":{"line":36,"column":30},"end":{"line":36,"column":44}},"28":{"start":{"line":37,"column":19},"end":{"line":39,"column":48}},"29":{"start":{"line":39,"column":21},"end":{"line":39,"column":40}},"30":{"start":{"line":40,"column":4},"end":{"line":40,"column":27}},"31":{"start":{"line":41,"column":4},"end":{"line":41,"column":18}},"32":{"start":{"line":45,"column":16},"end":{"line":45,"column":38}},"33":{"start":{"line":46,"column":19},"end":{"line":46,"column":43}},"34":{"start":{"line":47,"column":4},"end":{"line":47,"column":44}},"35":{"start":{"line":47,"column":30},"end":{"line":47,"column":44}},"36":{"start":{"line":49,"column":23},"end":{"line":49,"column":79}},"37":{"start":{"line":49,"column":59},"end":{"line":49,"column":78}},"38":{"start":{"line":50,"column":19},"end":{"line":60,"column":6}},"39":{"start":{"line":51,"column":20},"end":{"line":51,"column":62}},"40":{"start":{"line":51,"column":49},"end":{"line":51,"column":61}},"41":{"start":{"line":52,"column":6},"end":{"line":52,"column":40}},"42":{"start":{"line":52,"column":30},"end":{"line":52,"column":40}},"43":{"start":{"line":53,"column":20},"end":{"line":53,"column":28}},"44":{"start":{"line":54,"column":6},"end":{"line":58,"column":null}},"45":{"start":{"line":55,"column":8},"end":{"line":57,"column":null}},"46":{"start":{"line":56,"column":10},"end":{"line":56,"column":25}},"47":{"start":{"line":59,"column":6},"end":{"line":59,"column":58}},"48":{"start":{"line":62,"column":4},"end":{"line":62,"column":27}},"49":{"start":{"line":63,"column":4},"end":{"line":63,"column":18}},"50":{"start":{"line":3,"column":0},"end":{"line":3,"column":13}}},"fnMap":{"0":{"name":"(anonymous_1)","decl":{"start":{"line":4,"column":2},"end":{"line":4,"column":8}},"loc":{"start":{"line":4,"column":32},"end":{"line":11,"column":3}}},"1":{"name":"(anonymous_2)","decl":{"start":{"line":8,"column":44},"end":{"line":8,"column":45}},"loc":{"start":{"line":8,"column":54},"end":{"line":8,"column":69}}},"2":{"name":"(anonymous_3)","decl":{"start":{"line":13,"column":2},"end":{"line":13,"column":8}},"loc":{"start":{"line":13,"column":37},"end":{"line":20,"column":3}}},"3":{"name":"(anonymous_4)","decl":{"start":{"line":22,"column":2},"end":{"line":22,"column":8}},"loc":{"start":{"line":22,"column":36},"end":{"line":31,"column":3}}},"4":{"name":"(anonymous_5)","decl":{"start":{"line":28,"column":14},"end":{"line":28,"column":15}},"loc":{"start":{"line":28,"column":21},"end":{"line":28,"column":40}}},"5":{"name":"(anonymous_6)","decl":{"start":{"line":33,"column":2},"end":{"line":33,"column":8}},"loc":{"start":{"line":33,"column":37},"end":{"line":42,"column":3}}},"6":{"name":"(anonymous_7)","decl":{"start":{"line":39,"column":14},"end":{"line":39,"column":15}},"loc":{"start":{"line":39,"column":21},"end":{"line":39,"column":40}}},"7":{"name":"(anonymous_8)","decl":{"start":{"line":44,"column":2},"end":{"line":44,"column":8}},"loc":{"start":{"line":44,"column":38},"end":{"line":64,"column":3}}},"8":{"name":"(anonymous_9)","decl":{"start":{"line":49,"column":52},"end":{"line":49,"column":53}},"loc":{"start":{"line":49,"column":59},"end":{"line":49,"column":78}}},"9":{"name":"(anonymous_10)","decl":{"start":{"line":50,"column":34},"end":{"line":50,"column":35}},"loc":{"start":{"line":50,"column":40},"end":{"line":60,"column":5}}},"10":{"name":"(anonymous_11)","decl":{"start":{"line":51,"column":42},"end":{"line":51,"column":43}},"loc":{"start":{"line":51,"column":49},"end":{"line":51,"column":61}}}},"branchMap":{"0":{"loc":{"start":{"line":7,"column":4},"end":{"line":7,"column":44}},"type":"if","locations":[{"start":{"line":7,"column":4},"end":{"line":7,"column":44}}]},"1":{"loc":{"start":{"line":16,"column":4},"end":{"line":16,"column":44}},"type":"if","locations":[{"start":{"line":16,"column":4},"end":{"line":16,"column":44}}]},"2":{"loc":{"start":{"line":25,"column":4},"end":{"line":25,"column":44}},"type":"if","locations":[{"start":{"line":25,"column":4},"end":{"line":25,"column":44}}]},"3":{"loc":{"start":{"line":36,"column":4},"end":{"line":36,"column":44}},"type":"if","locations":[{"start":{"line":36,"column":4},"end":{"line":36,"column":44}}]},"4":{"loc":{"start":{"line":47,"column":4},"end":{"line":47,"column":44}},"type":"if","locations":[{"start":{"line":47,"column":4},"end":{"line":47,"column":44}}]},"5":{"loc":{"start":{"line":52,"column":6},"end":{"line":52,"column":40}},"type":"if","locations":[{"start":{"line":52,"column":6},"end":{"line":52,"column":40}}]},"6":{"loc":{"start":{"line":55,"column":8},"end":{"line":57,"column":null}},"type":"if","locations":[{"start":{"line":55,"column":8},"end":{"line":57,"column":null}}]}},"s":{"0":1,"1":1,"2":1,"3":1,"4":0,"5":1,"6":4,"7":1,"8":1,"9":1,"10":1,"11":1,"12":0,"13":1,"14":1,"15":1,"16":1,"17":1,"18":1,"19":0,"20":1,"21":3,"22":1,"23":1,"24":1,"25":1,"26":1,"27":0,"28":1,"29":2,"30":1,"31":1,"32":1,"33":1,"34":1,"35":0,"36":1,"37":2,"38":1,"39":2,"40":5,"41":2,"42":0,"43":2,"44":2,"45":5,"46":1,"47":2,"48":1,"49":1,"50":1},"f":{"0":1,"1":4,"2":1,"3":1,"4":3,"5":1,"6":2,"7":1,"8":2,"9":2,"10":5},"b":{"0":[0],"1":[0],"2":[0],"3":[0],"4":[0],"5":[0],"6":[1]}}
,"/media/mustak/Space/assessments/text-analyzer/src/utils/cache.ts": {"path":"/media/mustak/Space/assessments/text-analyzer/src/utils/cache.ts","statementMap":{"0":{"start":{"line":1,"column":0},"end":{"line":1,"column":35}},"1":{"start":{"line":2,"column":14},"end":{"line":2,"column":44}},"2":{"start":{"line":3,"column":0},"end":{"line":3,"column":21}}},"fnMap":{},"branchMap":{},"s":{"0":1,"1":1,"2":1},"f":{},"b":{}}
}
