TN:
SF:src/services/text-analyzer.ts
FN:4,(anonymous_1)
FN:8,(anonymous_2)
FN:13,(anonymous_3)
FN:22,(anonymous_4)
FN:28,(anonymous_5)
FN:33,(anonymous_6)
FN:39,(anonymous_7)
FN:44,(anonymous_8)
FN:49,(anonymous_9)
FN:50,(anonymous_10)
FN:51,(anonymous_11)
FNF:11
FNH:11
FNDA:4,(anonymous_1)
FNDA:10,(anonymous_2)
FNDA:3,(anonymous_3)
FNDA:4,(anonymous_4)
FNDA:5,(anonymous_5)
FNDA:4,(anonymous_6)
FNDA:5,(anonymous_7)
FNDA:6,(anonymous_8)
FNDA:10,(anonymous_9)
FNDA:5,(anonymous_10)
FNDA:15,(anonymous_11)
DA:1,1
DA:3,1
DA:5,4
DA:6,4
DA:7,4
DA:8,10
DA:9,4
DA:10,4
DA:14,3
DA:15,3
DA:16,3
DA:17,3
DA:18,3
DA:19,3
DA:23,4
DA:24,4
DA:25,4
DA:26,3
DA:28,5
DA:29,3
DA:30,3
DA:34,4
DA:35,4
DA:36,4
DA:37,2
DA:39,5
DA:40,2
DA:41,2
DA:45,6
DA:46,6
DA:47,6
DA:49,10
DA:50,6
DA:51,15
DA:52,5
DA:53,5
DA:54,5
DA:55,15
DA:56,2
DA:59,5
DA:62,6
DA:63,6
LF:42
LH:42
BRDA:7,0,0,0
BRDA:16,1,0,0
BRDA:25,2,0,1
BRDA:36,3,0,2
BRDA:47,4,0,0
BRDA:52,5,0,0
BRDA:55,6,0,2
BRF:7
BRH:3
end_of_record
TN:
SF:src/utils/cache.ts
FNF:0
FNH:0
DA:1,1
DA:2,1
DA:3,1
LF:3
LH:3
BRF:0
BRH:0
end_of_record
