TN:
SF:src/services/text-analyzer.ts
FN:4,(anonymous_1)
FN:8,(anonymous_2)
FN:13,(anonymous_3)
FN:22,(anonymous_4)
FN:28,(anonymous_5)
FN:33,(anonymous_6)
FN:39,(anonymous_7)
FN:44,(anonymous_8)
FN:49,(anonymous_9)
FN:50,(anonymous_10)
FN:51,(anonymous_11)
FNF:11
FNH:11
FNDA:1,(anonymous_1)
FNDA:4,(anonymous_2)
FNDA:1,(anonymous_3)
FNDA:1,(anonymous_4)
FNDA:3,(anonymous_5)
FNDA:1,(anonymous_6)
FNDA:2,(anonymous_7)
FNDA:1,(anonymous_8)
FNDA:2,(anonymous_9)
FNDA:2,(anonymous_10)
FNDA:5,(anonymous_11)
DA:1,1
DA:3,1
DA:5,1
DA:6,1
DA:7,1
DA:8,4
DA:9,1
DA:10,1
DA:14,1
DA:15,1
DA:16,1
DA:17,1
DA:18,1
DA:19,1
DA:23,1
DA:24,1
DA:25,1
DA:26,1
DA:28,3
DA:29,1
DA:30,1
DA:34,1
DA:35,1
DA:36,1
DA:37,1
DA:39,2
DA:40,1
DA:41,1
DA:45,1
DA:46,1
DA:47,1
DA:49,2
DA:50,1
DA:51,5
DA:52,2
DA:53,2
DA:54,2
DA:55,5
DA:56,1
DA:59,2
DA:62,1
DA:63,1
LF:42
LH:42
BRDA:7,0,0,0
BRDA:16,1,0,0
BRDA:25,2,0,0
BRDA:36,3,0,0
BRDA:47,4,0,0
BRDA:52,5,0,0
BRDA:55,6,0,1
BRF:7
BRH:1
end_of_record
TN:
SF:src/utils/cache.ts
FNF:0
FNH:0
DA:1,1
DA:2,1
DA:3,1
LF:3
LH:3
BRF:0
BRH:0
end_of_record
